<?xml version="1.0" encoding="UTF-8"?>
<testng-results ignored="0" total="16" passed="13" failed="3" skipped="0">
  <reporter-output>
  </reporter-output>
  <suite started-at="2019-04-03T12:32:31Z" name="Default suite" finished-at="2019-04-03T12:35:07Z" duration-ms="155420">
    <groups>
    </groups>
    <test started-at="2019-04-03T12:32:31Z" name="Default test" finished-at="2019-04-03T12:35:07Z" duration-ms="155420">
      <class name="com.pegasustest.automation.pegasus_test.AppTest">
        <test-method is-config="true" signature="setupAppium()[pri:0, instance:com.pegasustest.automation.pegasus_test.AppTest@475e586c]" started-at="2019-04-03T12:32:19Z" name="setupAppium" finished-at="2019-04-03T12:32:31Z" duration-ms="12497" status="PASS">
          <reporter-output>
          </reporter-output>
        </test-method> <!-- setupAppium -->
        <test-method signature="Case01()[pri:0, instance:com.pegasustest.automation.pegasus_test.AppTest@475e586c]" started-at="2019-04-03T12:32:31Z" name="Case01" description="Case #1 - Skipping Introduction" finished-at="2019-04-03T12:32:42Z" duration-ms="10301" status="PASS">
          <reporter-output>
          </reporter-output>
        </test-method> <!-- Case01 -->
        <test-method signature="Case02()[pri:0, instance:com.pegasustest.automation.pegasus_test.AppTest@475e586c]" started-at="2019-04-03T12:32:42Z" name="Case02" description="Case #2 - Skipping Tutorial" finished-at="2019-04-03T12:32:54Z" duration-ms="12021" status="PASS">
          <reporter-output>
          </reporter-output>
        </test-method> <!-- Case02 -->
        <test-method signature="Case03()[pri:0, instance:com.pegasustest.automation.pegasus_test.AppTest@475e586c]" started-at="2019-04-03T12:32:54Z" name="Case03" description="Case #3 - Go to Login Page" finished-at="2019-04-03T12:32:57Z" duration-ms="3296" status="PASS">
          <reporter-output>
          </reporter-output>
        </test-method> <!-- Case03 -->
        <test-method signature="Case04()[pri:0, instance:com.pegasustest.automation.pegasus_test.AppTest@475e586c]" started-at="2019-04-03T12:32:57Z" name="Case04" description="Case #4 - Log-In Execution" finished-at="2019-04-03T12:33:11Z" duration-ms="13623" status="PASS">
          <reporter-output>
          </reporter-output>
        </test-method> <!-- Case04 -->
        <test-method signature="Case05()[pri:0, instance:com.pegasustest.automation.pegasus_test.AppTest@475e586c]" started-at="2019-04-03T12:33:11Z" name="Case05" description="Case #5 - Fingerprint Feature" finished-at="2019-04-03T12:33:11Z" duration-ms="230" status="PASS">
          <reporter-output>
          </reporter-output>
        </test-method> <!-- Case05 -->
        <test-method signature="Case06()[pri:0, instance:com.pegasustest.automation.pegasus_test.AppTest@475e586c]" started-at="2019-04-03T12:33:11Z" name="Case06" description="Case #6 - Search Ticket" finished-at="2019-04-03T12:33:49Z" duration-ms="38045" status="PASS">
          <reporter-output>
          </reporter-output>
        </test-method> <!-- Case06 -->
        <test-method signature="Case07()[pri:0, instance:com.pegasustest.automation.pegasus_test.AppTest@475e586c]" started-at="2019-04-03T12:33:49Z" name="Case07" description="Case #7 - Search Flight" finished-at="2019-04-03T12:33:57Z" duration-ms="8483" status="PASS">
          <reporter-output>
          </reporter-output>
        </test-method> <!-- Case07 -->
        <test-method signature="Case08()[pri:0, instance:com.pegasustest.automation.pegasus_test.AppTest@475e586c]" started-at="2019-04-03T12:33:57Z" name="Case08" description="Case #8 - Departure Flight Package Selection" finished-at="2019-04-03T12:33:59Z" duration-ms="1468" status="PASS">
          <reporter-output>
          </reporter-output>
        </test-method> <!-- Case08 -->
        <test-method signature="Case09()[pri:0, instance:com.pegasustest.automation.pegasus_test.AppTest@475e586c]" started-at="2019-04-03T12:33:59Z" name="Case09" description="Case #9 - Selected Flights Splash Pages" finished-at="2019-04-03T12:34:07Z" duration-ms="8263" status="PASS">
          <reporter-output>
          </reporter-output>
        </test-method> <!-- Case09 -->
        <test-method signature="Case10()[pri:0, instance:com.pegasustest.automation.pegasus_test.AppTest@475e586c]" started-at="2019-04-03T12:34:07Z" name="Case10" description="Case #10 - Passenger Information Screen" finished-at="2019-04-03T12:34:38Z" duration-ms="30917" status="PASS">
          <reporter-output>
          </reporter-output>
        </test-method> <!-- Case10 -->
        <test-method signature="Case11()[pri:0, instance:com.pegasustest.automation.pegasus_test.AppTest@475e586c]" started-at="2019-04-03T12:34:38Z" name="Case11" description="Case #11 - Contact Information Page" finished-at="2019-04-03T12:34:45Z" duration-ms="6851" status="PASS">
          <reporter-output>
          </reporter-output>
        </test-method> <!-- Case11 -->
        <test-method signature="Case12()[pri:0, instance:com.pegasustest.automation.pegasus_test.AppTest@475e586c]" started-at="2019-04-03T12:34:45Z" name="Case12" description="Case #12 - Seat Selection Page" finished-at="2019-04-03T12:34:49Z" duration-ms="4295" status="PASS">
          <reporter-output>
          </reporter-output>
        </test-method> <!-- Case12 -->
        <test-method signature="Case13()[pri:0, instance:com.pegasustest.automation.pegasus_test.AppTest@475e586c]" started-at="2019-04-03T12:34:49Z" name="Case13" description="Case #13 - Meal Selection Page" finished-at="2019-04-03T12:34:53Z" duration-ms="3540" status="FAIL">
          <exception class="org.openqa.selenium.NoSuchElementException">
            <message>
              <![CDATA[An element could not be located on the page using the given search parameters.
For documentation on this error, please visit: https://www.seleniumhq.org/exceptions/no_such_element.html
Build info: version: '3.141.59', revision: 'e82be7d358', time: '2018-11-14T08:17:03'
System info: host: 'Umut-MacBook-Pro.local', ip: 'fe80:0:0:0:cc6:909:7509:2f75%en0', os.name: 'Mac OS X', os.arch: 'x86_64', os.version: '10.14.3', java.version: '12'
Driver info: io.appium.java_client.android.AndroidDriver
Capabilities {appActivity: com.monitise.mea.pegasus.ui..., appPackage: com.pozitron.pegasus, automationName: UiAutomator2, databaseEnabled: false, desired: {appActivity: com.monitise.mea.pegasus.ui..., appPackage: com.pozitron.pegasus, automationName: UiAutomator2, deviceName: CB5A28E9DD, noReset: true, platformName: android}, deviceApiLevel: 25, deviceManufacturer: Sony, deviceModel: E5803, deviceName: CB5A28E9DD, deviceScreenDensity: 320, deviceScreenSize: 720x1280, deviceUDID: CB5A28E9DD, javascriptEnabled: true, locationContextEnabled: false, networkConnectionEnabled: true, noReset: true, pixelRatio: 2, platform: LINUX, platformName: Android, platformVersion: 7.1.1, statBarHeight: 48, takesScreenshot: true, viewportRect: {height: 1136, left: 0, top: 48, width: 720}, warnings: {}, webStorageEnabled: false}
Session ID: bad0a176-1b3a-4a23-b31d-e4fb927bd87e
*** Element info: {Using=xpath, value=//ri[@content-desc="Kahvaltılar Ve Salatalar"]}]]>
            </message>
            <full-stacktrace>
              <![CDATA[org.openqa.selenium.NoSuchElementException: An element could not be located on the page using the given search parameters.
For documentation on this error, please visit: https://www.seleniumhq.org/exceptions/no_such_element.html
Build info: version: '3.141.59', revision: 'e82be7d358', time: '2018-11-14T08:17:03'
System info: host: 'Umut-MacBook-Pro.local', ip: 'fe80:0:0:0:cc6:909:7509:2f75%en0', os.name: 'Mac OS X', os.arch: 'x86_64', os.version: '10.14.3', java.version: '12'
Driver info: io.appium.java_client.android.AndroidDriver
Capabilities {appActivity: com.monitise.mea.pegasus.ui..., appPackage: com.pozitron.pegasus, automationName: UiAutomator2, databaseEnabled: false, desired: {appActivity: com.monitise.mea.pegasus.ui..., appPackage: com.pozitron.pegasus, automationName: UiAutomator2, deviceName: CB5A28E9DD, noReset: true, platformName: android}, deviceApiLevel: 25, deviceManufacturer: Sony, deviceModel: E5803, deviceName: CB5A28E9DD, deviceScreenDensity: 320, deviceScreenSize: 720x1280, deviceUDID: CB5A28E9DD, javascriptEnabled: true, locationContextEnabled: false, networkConnectionEnabled: true, noReset: true, pixelRatio: 2, platform: LINUX, platformName: Android, platformVersion: 7.1.1, statBarHeight: 48, takesScreenshot: true, viewportRect: {height: 1136, left: 0, top: 48, width: 720}, warnings: {}, webStorageEnabled: false}
Session ID: bad0a176-1b3a-4a23-b31d-e4fb927bd87e
*** Element info: {Using=xpath, value=//ri[@content-desc="Kahvaltılar Ve Salatalar"]}
at java.base/jdk.internal.reflect.NativeConstructorAccessorImpl.newInstance0(Native Method)
at java.base/jdk.internal.reflect.NativeConstructorAccessorImpl.newInstance(NativeConstructorAccessorImpl.java:62)
at java.base/jdk.internal.reflect.DelegatingConstructorAccessorImpl.newInstance(DelegatingConstructorAccessorImpl.java:45)
at java.base/java.lang.reflect.Constructor.newInstanceWithCaller(Constructor.java:500)
at java.base/java.lang.reflect.Constructor.newInstance(Constructor.java:481)
at org.openqa.selenium.remote.http.W3CHttpResponseCodec.createException(W3CHttpResponseCodec.java:187)
at org.openqa.selenium.remote.http.W3CHttpResponseCodec.decode(W3CHttpResponseCodec.java:122)
at org.openqa.selenium.remote.http.W3CHttpResponseCodec.decode(W3CHttpResponseCodec.java:49)
at org.openqa.selenium.remote.HttpCommandExecutor.execute(HttpCommandExecutor.java:158)
at io.appium.java_client.remote.AppiumCommandExecutor.execute(AppiumCommandExecutor.java:239)
at org.openqa.selenium.remote.RemoteWebDriver.execute(RemoteWebDriver.java:552)
at io.appium.java_client.DefaultGenericMobileDriver.execute(DefaultGenericMobileDriver.java:42)
at io.appium.java_client.AppiumDriver.execute(AppiumDriver.java:1)
at io.appium.java_client.android.AndroidDriver.execute(AndroidDriver.java:1)
at org.openqa.selenium.remote.RemoteWebDriver.findElement(RemoteWebDriver.java:323)
at io.appium.java_client.DefaultGenericMobileDriver.findElement(DefaultGenericMobileDriver.java:62)
at io.appium.java_client.AppiumDriver.findElement(AppiumDriver.java:1)
at io.appium.java_client.android.AndroidDriver.findElement(AndroidDriver.java:1)
at org.openqa.selenium.remote.RemoteWebDriver.findElementByXPath(RemoteWebDriver.java:428)
at io.appium.java_client.DefaultGenericMobileDriver.findElementByXPath(DefaultGenericMobileDriver.java:152)
at io.appium.java_client.AppiumDriver.findElementByXPath(AppiumDriver.java:1)
at io.appium.java_client.android.AndroidDriver.findElementByXPath(AndroidDriver.java:1)
at com.pegasustest.automation.pegasus_test.AppTest.Case13(AppTest.java:423)
at java.base/jdk.internal.reflect.NativeMethodAccessorImpl.invoke0(Native Method)
at java.base/jdk.internal.reflect.NativeMethodAccessorImpl.invoke(NativeMethodAccessorImpl.java:62)
at java.base/jdk.internal.reflect.DelegatingMethodAccessorImpl.invoke(DelegatingMethodAccessorImpl.java:43)
at java.base/java.lang.reflect.Method.invoke(Method.java:567)
at org.testng.internal.MethodInvocationHelper.invokeMethod(MethodInvocationHelper.java:124)
at org.testng.internal.Invoker.invokeMethod(Invoker.java:583)
at org.testng.internal.Invoker.invokeTestMethod(Invoker.java:719)
at org.testng.internal.Invoker.invokeTestMethods(Invoker.java:989)
at org.testng.internal.TestMethodWorker.invokeTestMethods(TestMethodWorker.java:125)
at org.testng.internal.TestMethodWorker.run(TestMethodWorker.java:109)
at org.testng.TestRunner.privateRun(TestRunner.java:648)
at org.testng.TestRunner.run(TestRunner.java:505)
at org.testng.SuiteRunner.runTest(SuiteRunner.java:455)
at org.testng.SuiteRunner.runSequentially(SuiteRunner.java:450)
at org.testng.SuiteRunner.privateRun(SuiteRunner.java:415)
at org.testng.SuiteRunner.run(SuiteRunner.java:364)
at org.testng.SuiteRunnerWorker.runSuite(SuiteRunnerWorker.java:52)
at org.testng.SuiteRunnerWorker.run(SuiteRunnerWorker.java:84)
at org.testng.TestNG.runSuitesSequentially(TestNG.java:1208)
at org.testng.TestNG.runSuitesLocally(TestNG.java:1137)
at org.testng.TestNG.runSuites(TestNG.java:1049)
at org.testng.TestNG.run(TestNG.java:1017)
at org.testng.remote.AbstractRemoteTestNG.run(AbstractRemoteTestNG.java:115)
at org.testng.remote.RemoteTestNG.initAndRun(RemoteTestNG.java:251)
at org.testng.remote.RemoteTestNG.main(RemoteTestNG.java:77)
]]>
            </full-stacktrace>
          </exception> <!-- org.openqa.selenium.NoSuchElementException -->
          <reporter-output>
          </reporter-output>
        </test-method> <!-- Case13 -->
        <test-method signature="Case14()[pri:0, instance:com.pegasustest.automation.pegasus_test.AppTest@475e586c]" started-at="2019-04-03T12:34:53Z" name="Case14" description="Case #14 - Luggage Selection Page" finished-at="2019-04-03T12:34:57Z" duration-ms="4048" status="PASS">
          <reporter-output>
          </reporter-output>
        </test-method> <!-- Case14 -->
        <test-method signature="Case15()[pri:0, instance:com.pegasustest.automation.pegasus_test.AppTest@475e586c]" started-at="2019-04-03T12:34:57Z" name="Case15" description="Case #15 - Payment Summary Page" finished-at="2019-04-03T12:35:03Z" duration-ms="5771" status="FAIL">
          <exception class="org.openqa.selenium.NoSuchElementException">
            <message>
              <![CDATA[An element could not be located on the page using the given search parameters.
For documentation on this error, please visit: https://www.seleniumhq.org/exceptions/no_such_element.html
Build info: version: '3.141.59', revision: 'e82be7d358', time: '2018-11-14T08:17:03'
System info: host: 'Umut-MacBook-Pro.local', ip: 'fe80:0:0:0:cc6:909:7509:2f75%en0', os.name: 'Mac OS X', os.arch: 'x86_64', os.version: '10.14.3', java.version: '12'
Driver info: io.appium.java_client.android.AndroidDriver
Capabilities {appActivity: com.monitise.mea.pegasus.ui..., appPackage: com.pozitron.pegasus, automationName: UiAutomator2, databaseEnabled: false, desired: {appActivity: com.monitise.mea.pegasus.ui..., appPackage: com.pozitron.pegasus, automationName: UiAutomator2, deviceName: CB5A28E9DD, noReset: true, platformName: android}, deviceApiLevel: 25, deviceManufacturer: Sony, deviceModel: E5803, deviceName: CB5A28E9DD, deviceScreenDensity: 320, deviceScreenSize: 720x1280, deviceUDID: CB5A28E9DD, javascriptEnabled: true, locationContextEnabled: false, networkConnectionEnabled: true, noReset: true, pixelRatio: 2, platform: LINUX, platformName: Android, platformVersion: 7.1.1, statBarHeight: 48, takesScreenshot: true, viewportRect: {height: 1136, left: 0, top: 48, width: 720}, warnings: {}, webStorageEnabled: false}
Session ID: bad0a176-1b3a-4a23-b31d-e4fb927bd87e
*** Element info: {Using=id, value=com.pozitron.pegasus:id/fragment_payment_summary_checkbox_termsAndConditions}]]>
            </message>
            <full-stacktrace>
              <![CDATA[org.openqa.selenium.NoSuchElementException: An element could not be located on the page using the given search parameters.
For documentation on this error, please visit: https://www.seleniumhq.org/exceptions/no_such_element.html
Build info: version: '3.141.59', revision: 'e82be7d358', time: '2018-11-14T08:17:03'
System info: host: 'Umut-MacBook-Pro.local', ip: 'fe80:0:0:0:cc6:909:7509:2f75%en0', os.name: 'Mac OS X', os.arch: 'x86_64', os.version: '10.14.3', java.version: '12'
Driver info: io.appium.java_client.android.AndroidDriver
Capabilities {appActivity: com.monitise.mea.pegasus.ui..., appPackage: com.pozitron.pegasus, automationName: UiAutomator2, databaseEnabled: false, desired: {appActivity: com.monitise.mea.pegasus.ui..., appPackage: com.pozitron.pegasus, automationName: UiAutomator2, deviceName: CB5A28E9DD, noReset: true, platformName: android}, deviceApiLevel: 25, deviceManufacturer: Sony, deviceModel: E5803, deviceName: CB5A28E9DD, deviceScreenDensity: 320, deviceScreenSize: 720x1280, deviceUDID: CB5A28E9DD, javascriptEnabled: true, locationContextEnabled: false, networkConnectionEnabled: true, noReset: true, pixelRatio: 2, platform: LINUX, platformName: Android, platformVersion: 7.1.1, statBarHeight: 48, takesScreenshot: true, viewportRect: {height: 1136, left: 0, top: 48, width: 720}, warnings: {}, webStorageEnabled: false}
Session ID: bad0a176-1b3a-4a23-b31d-e4fb927bd87e
*** Element info: {Using=id, value=com.pozitron.pegasus:id/fragment_payment_summary_checkbox_termsAndConditions}
at java.base/jdk.internal.reflect.NativeConstructorAccessorImpl.newInstance0(Native Method)
at java.base/jdk.internal.reflect.NativeConstructorAccessorImpl.newInstance(NativeConstructorAccessorImpl.java:62)
at java.base/jdk.internal.reflect.DelegatingConstructorAccessorImpl.newInstance(DelegatingConstructorAccessorImpl.java:45)
at java.base/java.lang.reflect.Constructor.newInstanceWithCaller(Constructor.java:500)
at java.base/java.lang.reflect.Constructor.newInstance(Constructor.java:481)
at org.openqa.selenium.remote.http.W3CHttpResponseCodec.createException(W3CHttpResponseCodec.java:187)
at org.openqa.selenium.remote.http.W3CHttpResponseCodec.decode(W3CHttpResponseCodec.java:122)
at org.openqa.selenium.remote.http.W3CHttpResponseCodec.decode(W3CHttpResponseCodec.java:49)
at org.openqa.selenium.remote.HttpCommandExecutor.execute(HttpCommandExecutor.java:158)
at io.appium.java_client.remote.AppiumCommandExecutor.execute(AppiumCommandExecutor.java:239)
at org.openqa.selenium.remote.RemoteWebDriver.execute(RemoteWebDriver.java:552)
at io.appium.java_client.DefaultGenericMobileDriver.execute(DefaultGenericMobileDriver.java:42)
at io.appium.java_client.AppiumDriver.execute(AppiumDriver.java:1)
at io.appium.java_client.android.AndroidDriver.execute(AndroidDriver.java:1)
at org.openqa.selenium.remote.RemoteWebDriver.findElement(RemoteWebDriver.java:323)
at io.appium.java_client.DefaultGenericMobileDriver.findElement(DefaultGenericMobileDriver.java:62)
at io.appium.java_client.AppiumDriver.findElement(AppiumDriver.java:1)
at io.appium.java_client.android.AndroidDriver.findElement(AndroidDriver.java:1)
at org.openqa.selenium.remote.RemoteWebDriver.findElementById(RemoteWebDriver.java:372)
at io.appium.java_client.DefaultGenericMobileDriver.findElementById(DefaultGenericMobileDriver.java:70)
at io.appium.java_client.AppiumDriver.findElementById(AppiumDriver.java:1)
at io.appium.java_client.android.AndroidDriver.findElementById(AndroidDriver.java:1)
at com.pegasustest.automation.pegasus_test.AppTest.Case15(AppTest.java:460)
at java.base/jdk.internal.reflect.NativeMethodAccessorImpl.invoke0(Native Method)
at java.base/jdk.internal.reflect.NativeMethodAccessorImpl.invoke(NativeMethodAccessorImpl.java:62)
at java.base/jdk.internal.reflect.DelegatingMethodAccessorImpl.invoke(DelegatingMethodAccessorImpl.java:43)
at java.base/java.lang.reflect.Method.invoke(Method.java:567)
at org.testng.internal.MethodInvocationHelper.invokeMethod(MethodInvocationHelper.java:124)
at org.testng.internal.Invoker.invokeMethod(Invoker.java:583)
at org.testng.internal.Invoker.invokeTestMethod(Invoker.java:719)
at org.testng.internal.Invoker.invokeTestMethods(Invoker.java:989)
at org.testng.internal.TestMethodWorker.invokeTestMethods(TestMethodWorker.java:125)
at org.testng.internal.TestMethodWorker.run(TestMethodWorker.java:109)
at org.testng.TestRunner.privateRun(TestRunner.java:648)
at org.testng.TestRunner.run(TestRunner.java:505)
at org.testng.SuiteRunner.runTest(SuiteRunner.java:455)
at org.testng.SuiteRunner.runSequentially(SuiteRunner.java:450)
at org.testng.SuiteRunner.privateRun(SuiteRunner.java:415)
at org.testng.SuiteRunner.run(SuiteRunner.java:364)
at org.testng.SuiteRunnerWorker.runSuite(SuiteRunnerWorker.java:52)
at org.testng.SuiteRunnerWorker.run(SuiteRunnerWorker.java:84)
at org.testng.TestNG.runSuitesSequentially(TestNG.java:1208)
at org.testng.TestNG.runSuitesLocally(TestNG.java:1137)
at org.testng.TestNG.runSuites(TestNG.java:1049)
at org.testng.TestNG.run(TestNG.java:1017)
at org.testng.remote.AbstractRemoteTestNG.run(AbstractRemoteTestNG.java:115)
at org.testng.remote.RemoteTestNG.initAndRun(RemoteTestNG.java:251)
at org.testng.remote.RemoteTestNG.main(RemoteTestNG.java:77)
]]>
            </full-stacktrace>
          </exception> <!-- org.openqa.selenium.NoSuchElementException -->
          <reporter-output>
          </reporter-output>
        </test-method> <!-- Case15 -->
        <test-method signature="Case16()[pri:0, instance:com.pegasustest.automation.pegasus_test.AppTest@475e586c]" started-at="2019-04-03T12:35:03Z" name="Case16" description="Case #16 - Payment Page" finished-at="2019-04-03T12:35:07Z" duration-ms="4205" status="FAIL">
          <exception class="org.openqa.selenium.NoSuchElementException">
            <message>
              <![CDATA[An element could not be located on the page using the given search parameters.
For documentation on this error, please visit: https://www.seleniumhq.org/exceptions/no_such_element.html
Build info: version: '3.141.59', revision: 'e82be7d358', time: '2018-11-14T08:17:03'
System info: host: 'Umut-MacBook-Pro.local', ip: 'fe80:0:0:0:cc6:909:7509:2f75%en0', os.name: 'Mac OS X', os.arch: 'x86_64', os.version: '10.14.3', java.version: '12'
Driver info: io.appium.java_client.android.AndroidDriver
Capabilities {appActivity: com.monitise.mea.pegasus.ui..., appPackage: com.pozitron.pegasus, automationName: UiAutomator2, databaseEnabled: false, desired: {appActivity: com.monitise.mea.pegasus.ui..., appPackage: com.pozitron.pegasus, automationName: UiAutomator2, deviceName: CB5A28E9DD, noReset: true, platformName: android}, deviceApiLevel: 25, deviceManufacturer: Sony, deviceModel: E5803, deviceName: CB5A28E9DD, deviceScreenDensity: 320, deviceScreenSize: 720x1280, deviceUDID: CB5A28E9DD, javascriptEnabled: true, locationContextEnabled: false, networkConnectionEnabled: true, noReset: true, pixelRatio: 2, platform: LINUX, platformName: Android, platformVersion: 7.1.1, statBarHeight: 48, takesScreenshot: true, viewportRect: {height: 1136, left: 0, top: 48, width: 720}, warnings: {}, webStorageEnabled: false}
Session ID: bad0a176-1b3a-4a23-b31d-e4fb927bd87e
*** Element info: {Using=id, value=com.pozitron.pegasus:id/layout_toolbar_text_view_title}]]>
            </message>
            <full-stacktrace>
              <![CDATA[org.openqa.selenium.NoSuchElementException: An element could not be located on the page using the given search parameters.
For documentation on this error, please visit: https://www.seleniumhq.org/exceptions/no_such_element.html
Build info: version: '3.141.59', revision: 'e82be7d358', time: '2018-11-14T08:17:03'
System info: host: 'Umut-MacBook-Pro.local', ip: 'fe80:0:0:0:cc6:909:7509:2f75%en0', os.name: 'Mac OS X', os.arch: 'x86_64', os.version: '10.14.3', java.version: '12'
Driver info: io.appium.java_client.android.AndroidDriver
Capabilities {appActivity: com.monitise.mea.pegasus.ui..., appPackage: com.pozitron.pegasus, automationName: UiAutomator2, databaseEnabled: false, desired: {appActivity: com.monitise.mea.pegasus.ui..., appPackage: com.pozitron.pegasus, automationName: UiAutomator2, deviceName: CB5A28E9DD, noReset: true, platformName: android}, deviceApiLevel: 25, deviceManufacturer: Sony, deviceModel: E5803, deviceName: CB5A28E9DD, deviceScreenDensity: 320, deviceScreenSize: 720x1280, deviceUDID: CB5A28E9DD, javascriptEnabled: true, locationContextEnabled: false, networkConnectionEnabled: true, noReset: true, pixelRatio: 2, platform: LINUX, platformName: Android, platformVersion: 7.1.1, statBarHeight: 48, takesScreenshot: true, viewportRect: {height: 1136, left: 0, top: 48, width: 720}, warnings: {}, webStorageEnabled: false}
Session ID: bad0a176-1b3a-4a23-b31d-e4fb927bd87e
*** Element info: {Using=id, value=com.pozitron.pegasus:id/layout_toolbar_text_view_title}
at java.base/jdk.internal.reflect.NativeConstructorAccessorImpl.newInstance0(Native Method)
at java.base/jdk.internal.reflect.NativeConstructorAccessorImpl.newInstance(NativeConstructorAccessorImpl.java:62)
at java.base/jdk.internal.reflect.DelegatingConstructorAccessorImpl.newInstance(DelegatingConstructorAccessorImpl.java:45)
at java.base/java.lang.reflect.Constructor.newInstanceWithCaller(Constructor.java:500)
at java.base/java.lang.reflect.Constructor.newInstance(Constructor.java:481)
at org.openqa.selenium.remote.http.W3CHttpResponseCodec.createException(W3CHttpResponseCodec.java:187)
at org.openqa.selenium.remote.http.W3CHttpResponseCodec.decode(W3CHttpResponseCodec.java:122)
at org.openqa.selenium.remote.http.W3CHttpResponseCodec.decode(W3CHttpResponseCodec.java:49)
at org.openqa.selenium.remote.HttpCommandExecutor.execute(HttpCommandExecutor.java:158)
at io.appium.java_client.remote.AppiumCommandExecutor.execute(AppiumCommandExecutor.java:239)
at org.openqa.selenium.remote.RemoteWebDriver.execute(RemoteWebDriver.java:552)
at io.appium.java_client.DefaultGenericMobileDriver.execute(DefaultGenericMobileDriver.java:42)
at io.appium.java_client.AppiumDriver.execute(AppiumDriver.java:1)
at io.appium.java_client.android.AndroidDriver.execute(AndroidDriver.java:1)
at org.openqa.selenium.remote.RemoteWebDriver.findElement(RemoteWebDriver.java:323)
at io.appium.java_client.DefaultGenericMobileDriver.findElement(DefaultGenericMobileDriver.java:62)
at io.appium.java_client.AppiumDriver.findElement(AppiumDriver.java:1)
at io.appium.java_client.android.AndroidDriver.findElement(AndroidDriver.java:1)
at org.openqa.selenium.remote.RemoteWebDriver.findElementById(RemoteWebDriver.java:372)
at io.appium.java_client.DefaultGenericMobileDriver.findElementById(DefaultGenericMobileDriver.java:70)
at io.appium.java_client.AppiumDriver.findElementById(AppiumDriver.java:1)
at io.appium.java_client.android.AndroidDriver.findElementById(AndroidDriver.java:1)
at com.pegasustest.automation.pegasus_test.AppTest.Case16(AppTest.java:474)
at java.base/jdk.internal.reflect.NativeMethodAccessorImpl.invoke0(Native Method)
at java.base/jdk.internal.reflect.NativeMethodAccessorImpl.invoke(NativeMethodAccessorImpl.java:62)
at java.base/jdk.internal.reflect.DelegatingMethodAccessorImpl.invoke(DelegatingMethodAccessorImpl.java:43)
at java.base/java.lang.reflect.Method.invoke(Method.java:567)
at org.testng.internal.MethodInvocationHelper.invokeMethod(MethodInvocationHelper.java:124)
at org.testng.internal.Invoker.invokeMethod(Invoker.java:583)
at org.testng.internal.Invoker.invokeTestMethod(Invoker.java:719)
at org.testng.internal.Invoker.invokeTestMethods(Invoker.java:989)
at org.testng.internal.TestMethodWorker.invokeTestMethods(TestMethodWorker.java:125)
at org.testng.internal.TestMethodWorker.run(TestMethodWorker.java:109)
at org.testng.TestRunner.privateRun(TestRunner.java:648)
at org.testng.TestRunner.run(TestRunner.java:505)
at org.testng.SuiteRunner.runTest(SuiteRunner.java:455)
at org.testng.SuiteRunner.runSequentially(SuiteRunner.java:450)
at org.testng.SuiteRunner.privateRun(SuiteRunner.java:415)
at org.testng.SuiteRunner.run(SuiteRunner.java:364)
at org.testng.SuiteRunnerWorker.runSuite(SuiteRunnerWorker.java:52)
at org.testng.SuiteRunnerWorker.run(SuiteRunnerWorker.java:84)
at org.testng.TestNG.runSuitesSequentially(TestNG.java:1208)
at org.testng.TestNG.runSuitesLocally(TestNG.java:1137)
at org.testng.TestNG.runSuites(TestNG.java:1049)
at org.testng.TestNG.run(TestNG.java:1017)
at org.testng.remote.AbstractRemoteTestNG.run(AbstractRemoteTestNG.java:115)
at org.testng.remote.RemoteTestNG.initAndRun(RemoteTestNG.java:251)
at org.testng.remote.RemoteTestNG.main(RemoteTestNG.java:77)
]]>
            </full-stacktrace>
          </exception> <!-- org.openqa.selenium.NoSuchElementException -->
          <reporter-output>
          </reporter-output>
        </test-method> <!-- Case16 -->
        <test-method is-config="true" signature="teardown()[pri:0, instance:com.pegasustest.automation.pegasus_test.AppTest@475e586c]" started-at="2019-04-03T12:35:12Z" name="teardown" finished-at="2019-04-03T12:35:13Z" duration-ms="731" status="PASS">
          <reporter-output>
          </reporter-output>
        </test-method> <!-- teardown -->
      </class> <!-- com.pegasustest.automation.pegasus_test.AppTest -->
    </test> <!-- Default test -->
  </suite> <!-- Default suite -->
</testng-results>
